\BOOKMARK [1][-]{section.1}{\376\377\000M\000i\000s\000e\000\040\000e\000n\000\040\000\351\000q\000u\000a\000t\000i\000o\000n}{}% 1
\BOOKMARK [2][-]{subsection.1.1}{\376\377\000L\000o\000i\000\040\000d\000e\000s\000\040\000m\000a\000i\000l\000l\000e\000s}{section.1}% 2
\BOOKMARK [2][-]{subsection.1.2}{\376\377\000C\000a\000p\000a\000c\000i\000t\000\351\000\040\000d\000'\000u\000n\000\040\000c\000o\000n\000d\000e\000n\000s\000a\000t\000e\000u\000r}{section.1}% 3
\BOOKMARK [2][-]{subsection.1.3}{\376\377\000C\000o\000u\000r\000a\000n\000t\000\040\000\351\000l\000e\000c\000t\000r\000i\000q\000u\000e\000\040\000e\000t\000\040\000c\000h\000a\000r\000g\000e\000s}{section.1}% 4
\BOOKMARK [2][-]{subsection.1.4}{\376\377\000L\000i\000e\000n\000\040\000e\000n\000t\000r\000e\000\040\000C\000\040\000e\000t\000\040\000u\000C}{section.1}% 5
\BOOKMARK [2][-]{subsection.1.5}{\376\377\000L\000o\000i\000\040\000d\000'\000O\000h\000m}{section.1}% 6
\BOOKMARK [2][-]{subsection.1.6}{\376\377\000M\000o\000n\000t\000a\000g\000e\000\040\000c\000o\000m\000p\000l\000e\000t}{section.1}% 7
\BOOKMARK [2][-]{subsection.1.7}{\376\377\000T\000r\000a\000c\000\351\000\040\000d\000e\000\040\000l\000'\000\351\000v\000o\000l\000u\000t\000i\000o\000n\000\040\000d\000e\000\040\000u\000C\000\050\000t\000\051}{section.1}% 8
\BOOKMARK [1][-]{section.2}{\376\377\000V\000\351\000r\000i\000f\000i\000c\000a\000t\000i\000o\000n\000\040\000m\000a\000t\000h\000\351\000m\000a\000t\000i\000q\000u\000e}{}% 9
\BOOKMARK [2][-]{subsection.2.1}{\376\377\000u\000C\000\050\000t\000\051\000\040\000=\000\040\000A\000\040\000\050\000c\000o\000n\000s\000t\000a\000n\000t\000e\000\051}{section.2}% 10
\BOOKMARK [2][-]{subsection.2.2}{\376\377\000u\000C\000\050\000t\000\051\000\040\000=\000\040\000B\000\040\000t\000\040\000+\000\040\000A\000\040\000\050\000l\000o\000i\000\040\000a\000f\000f\000i\000n\000e\000\051}{section.2}% 11
\BOOKMARK [2][-]{subsection.2.3}{\376\377\000u\000C\000\050\000t\000\051\000\040\000=\000\040\000E\000\040\000\050\0001\000\040\000-\000\040\000-\000t\000R\000\040\000C\000\040\000\050\000e\000x\000p\000o\000n\000e\000n\000t\000i\000e\000l\000l\000e\000\051}{section.2}% 12
\BOOKMARK [1][-]{section.3}{\376\377\000M\000e\000s\000u\000r\000e\000\040\000d\000e\000\040\000l\000a\000\040\000c\000o\000n\000s\000t\000a\000n\000t\000e\000\040\000d\000e\000\040\000t\000e\000m\000p\000s}{}% 13
\BOOKMARK [1][-]{section.4}{\376\377\000M\000i\000s\000e\000\040\000e\000n\000\040\000o\000e\000u\000v\000r\000e}{}% 14
\BOOKMARK [2][-]{subsection.4.1}{\376\377\000C\000a\000b\000l\000a\000g\000e\000\040\000d\000u\000\040\000m\000o\000n\000t\000a\000g\000e}{section.4}% 15
\BOOKMARK [2][-]{subsection.4.2}{\376\377\000P\000r\000e\000m\000i\000e\000r\000\040\000e\000s\000s\000a\000i\000\040\000a\000v\000e\000c\000\040\000u\000n\000\040\000g\000\351\000n\000\351\000r\000a\000t\000e\000u\000r\000\040\000d\000e\000\040\000t\000e\000n\000s\000i\000o\000n\000\040\000c\000o\000n\000t\000i\000n\000u\000e}{section.4}% 16
\BOOKMARK [2][-]{subsection.4.3}{\376\377\000D\000\351\000c\000l\000e\000n\000c\000h\000e\000m\000e\000n\000t\000\040\000d\000e\000\040\000l\000'\000o\000s\000c\000i\000l\000l\000o\000s\000c\000o\000p\000e}{section.4}% 17
\BOOKMARK [2][-]{subsection.4.4}{\376\377\000U\000t\000i\000l\000i\000s\000a\000t\000i\000o\000n\000\040\000d\000'\000u\000n\000\040\000g\000\351\000n\000\351\000r\000a\000t\000e\000u\000r\000\040\000d\000e\000\040\000f\000o\000n\000c\000t\000i\000o\000n\000s}{section.4}% 18
\BOOKMARK [2][-]{subsection.4.5}{\376\377\000R\000\351\000g\000l\000a\000g\000e\000\040\000d\000e\000\040\000l\000'\000o\000s\000c\000i\000l\000l\000o\000s\000c\000o\000p\000e}{section.4}% 19
\BOOKMARK [1][-]{section.5}{\376\377\000C\000o\000m\000p\000t\000e\000-\000r\000e\000n\000d\000u}{}% 20
\BOOKMARK [2][-]{subsection.5.1}{\376\377\000Q\000u\040\031\000e\000s\000t\000-\000c\000e\000\040\000q\000u\040\031\000u\000n\000\040\000c\000o\000m\000p\000t\000e\000\040\000r\000e\000n\000d\000u\000\040\000?}{section.5}% 21
\BOOKMARK [2][-]{subsection.5.2}{\376\377\000A\000\040\000q\000u\000i\000\040\000s\040\031\000a\000d\000r\000e\000s\000s\000e\000\040\000u\000n\000\040\000c\000o\000m\000p\000t\000e\000-\000r\000e\000n\000d\000u\000\040\000?}{section.5}% 22
\BOOKMARK [2][-]{subsection.5.3}{\376\377\000Q\000u\000e\000l\000s\000\040\000s\000o\000n\000t\000\040\000l\000e\000s\000\040\000\351\000l\000\351\000m\000e\000n\000t\000s\000\040\000\340\000\040\000i\000n\000c\000l\000u\000r\000e\000\040\000d\000a\000n\000s\000\040\000u\000n\000\040\000c\000o\000m\000p\000t\000e\000-\000r\000e\000n\000d\000u\000\040\000?}{section.5}% 23
\BOOKMARK [3][-]{subsubsection.5.3.1}{\376\377\000I\000n\000t\000r\000o\000d\000u\000c\000t\000i\000o\000n}{subsection.5.3}% 24
\BOOKMARK [3][-]{subsubsection.5.3.2}{\376\377\000T\000h\000\351\000o\000r\000i\000e\000\040\000/\000\040\000M\000o\000d\000\350\000l\000e\000\040\000m\000a\000t\000h\000\351\000m\000a\000t\000i\000q\000u\000e\000\040\000o\000u\000/\000e\000t\000\040\000p\000h\000y\000s\000i\000q\000u\000e}{subsection.5.3}% 25
\BOOKMARK [3][-]{subsubsection.5.3.3}{\376\377\000M\000a\000t\000\351\000r\000i\000e\000l\000\040\000e\000t\000\040\000m\000\351\000t\000h\000o\000d\000e\000s}{subsection.5.3}% 26
\BOOKMARK [3][-]{subsubsection.5.3.4}{\376\377\000R\000\351\000s\000u\000l\000t\000a\000t\000s}{subsection.5.3}% 27
\BOOKMARK [3][-]{subsubsection.5.3.5}{\376\377\000A\000n\000a\000l\000y\000s\000e}{subsection.5.3}% 28
\BOOKMARK [3][-]{subsubsection.5.3.6}{\376\377\000C\000o\000n\000c\000l\000u\000s\000i\000o\000n}{subsection.5.3}% 29
